Arguments: 
  /Users/davidedelhart/.nvm/versions/node/v10.16.3/bin/node /usr/local/Cellar/yarn/1.17.3/libexec/bin/yarn.js add next react react-dom

PATH: 
  /Users/davidedelhart/.cargo/bin:/Users/davidedelhart/.nvm/versions/node/v10.16.3/bin:/Users/davidedelhart/.gem/bin:./node_modules/.bin:/usr/local/bin:/usr/bin:/bin:/usr/sbin:/sbin:/Users/davidedelhart/.gem/ruby/2.3.0/bin :/Users/davidedelhart/Documents/repos/wll-lge-2/node_modules/.bin

Yarn version: 
  1.17.3

Node version: 
  10.16.3

Platform: 
  darwin x64

Trace: 
  SyntaxError: /Users/davidedelhart/Documents/repos/wll-lge-2/package.json: Unexpected token } in JSON at position 270
      at JSON.parse (<anonymous>)
      at /usr/local/Cellar/yarn/1.17.3/libexec/lib/cli.js:1625:59
      at Generator.next (<anonymous>)
      at step (/usr/local/Cellar/yarn/1.17.3/libexec/lib/cli.js:304:30)
      at /usr/local/Cellar/yarn/1.17.3/libexec/lib/cli.js:315:13

npm manifest: 
  {
    "name": "lge",
    "version": "1.0.0",
    "description": "A documentation site about the Looking Glass Engine",
    "main": "index.js",
    "repository": "https://looking-glass-engine.firebaseapp.com",
    "author": "David Edelhart",
    "license": "MIT",
    "private": false,
  
  }

yarn manifest: 
  No manifest

Lockfile: 
  No lockfile
